[2017-11-14T21:05:16.195-0800] [glassfish 4.0] [INFO] [NCLS-LOGGING-00009] [javax.enterprise.logging] [tid: _ThreadID=1 _ThreadName=main] [timeMillis: 1510722316195] [levelValue: 800] [[
  Running GlassFish Version: GlassFish Server Open Source Edition  4.0  (build 89)]]

[2017-11-14T21:05:16.197-0800] [glassfish 4.0] [INFO] [NCLS-LOGGING-00010] [javax.enterprise.logging] [tid: _ThreadID=1 _ThreadName=main] [timeMillis: 1510722316197] [levelValue: 800] [[
  Server log file is using Formatter class: com.sun.enterprise.server.logging.ODLLogFormatter]]

[2017-11-14T21:05:16.364-0800] [glassfish 4.0] [INFO] [realm.loaded.successfully] [javax.enterprise.system.core.security.com.sun.enterprise.security.auth.realm] [tid: _ThreadID=1 _ThreadName=main] [timeMillis: 1510722316364] [levelValue: 800] [[
  SEC1115: Realm [admin-realm] of classtype [com.sun.enterprise.security.auth.realm.file.FileRealm] successfully created.]]

[2017-11-14T21:05:16.366-0800] [glassfish 4.0] [INFO] [realm.loaded.successfully] [javax.enterprise.system.core.security.com.sun.enterprise.security.auth.realm] [tid: _ThreadID=1 _ThreadName=main] [timeMillis: 1510722316366] [levelValue: 800] [[
  SEC1115: Realm [file] of classtype [com.sun.enterprise.security.auth.realm.file.FileRealm] successfully created.]]

[2017-11-14T21:05:16.370-0800] [glassfish 4.0] [INFO] [realm.loaded.successfully] [javax.enterprise.system.core.security.com.sun.enterprise.security.auth.realm] [tid: _ThreadID=1 _ThreadName=main] [timeMillis: 1510722316370] [levelValue: 800] [[
  SEC1115: Realm [certificate] of classtype [com.sun.enterprise.security.auth.realm.certificate.CertificateRealm] successfully created.]]

[2017-11-14T21:05:16.775-0800] [glassfish 4.0] [INFO] [] [javax.enterprise.system.core] [tid: _ThreadID=1 _ThreadName=main] [timeMillis: 1510722316775] [levelValue: 800] [[
  Grizzly Framework 2.3.1 started in: 36ms - bound to [/0.0.0.0:8,080]]]

[2017-11-14T21:05:16.848-0800] [glassfish 4.0] [INFO] [] [javax.enterprise.system.core] [tid: _ThreadID=1 _ThreadName=main] [timeMillis: 1510722316848] [levelValue: 800] [[
  Grizzly Framework 2.3.1 started in: 3ms - bound to [/0.0.0.0:8,181]]]

[2017-11-14T21:05:16.860-0800] [glassfish 4.0] [INFO] [] [javax.enterprise.system.core] [tid: _ThreadID=1 _ThreadName=main] [timeMillis: 1510722316860] [levelValue: 800] [[
  Grizzly Framework 2.3.1 started in: 3ms - bound to [/0.0.0.0:4,848]]]

[2017-11-14T21:05:16.964-0800] [glassfish 4.0] [INFO] [] [javax.enterprise.system.core.security.org.glassfish.security.services.impl.authorization] [tid: _ThreadID=1 _ThreadName=main] [timeMillis: 1510722316964] [levelValue: 800] [[
  Authorization Service has successfully initialized.]]

[2017-11-14T21:05:17.012-0800] [glassfish 4.0] [INFO] [] [javax.enterprise.system.core] [tid: _ThreadID=1 _ThreadName=main] [timeMillis: 1510722317012] [levelValue: 800] [[
  Grizzly Framework 2.3.1 started in: 5ms - bound to [/0.0.0.0:3,700]]]

[2017-11-14T21:05:17.323-0800] [glassfish 4.0] [INFO] [] [org.hibernate.validator.internal.util.Version] [tid: _ThreadID=1 _ThreadName=main] [timeMillis: 1510722317323] [levelValue: 800] [[
  HV000001: Hibernate Validator 5.0.0.Final]]

[2017-11-14T21:05:17.847-0800] [glassfish 4.0] [INFO] [] [org.glassfish.ha.store.spi.BackingStoreFactoryRegistry] [tid: _ThreadID=1 _ThreadName=main] [timeMillis: 1510722317847] [levelValue: 800] [[
  Registered org.glassfish.ha.store.adapter.cache.ShoalBackingStoreProxy for persistence-type = replicated in BackingStoreFactoryRegistry]]

[2017-11-14T21:05:17.881-0800] [glassfish 4.0] [INFO] [NCLS-CORE-00017] [javax.enterprise.system.core] [tid: _ThreadID=1 _ThreadName=main] [timeMillis: 1510722317881] [levelValue: 800] [[
  GlassFish Server Open Source Edition  4.0  (89) startup time : Felix (4,238ms), startup services(1,799ms), total(6,037ms)]]

[2017-11-14T21:05:18.081-0800] [glassfish 4.0] [INFO] [] [org.glassfish.jersey.server.ApplicationHandler] [tid: _ThreadID=59 _ThreadName=pool-12-thread-1] [timeMillis: 1510722318081] [levelValue: 800] [[
  Initiating Jersey application, version Jersey: 2.0 2013-05-03 14:50:15...]]

[2017-11-14T21:05:18.327-0800] [glassfish 4.0] [INFO] [] [javax.enterprise.system.core] [tid: _ThreadID=1 _ThreadName=main] [timeMillis: 1510722318327] [levelValue: 800] [[
  Grizzly Framework 2.3.1 started in: 2ms - bound to [/0.0.0.0:7,676]]]

[2017-11-14T21:11:54.065-0800] [glassfish 4.0] [INFO] [NCLS-LOGGING-00009] [javax.enterprise.logging] [tid: _ThreadID=1 _ThreadName=main] [timeMillis: 1510722714065] [levelValue: 800] [[
  Running GlassFish Version: GlassFish Server Open Source Edition  4.0  (build 89)]]

[2017-11-14T21:11:54.069-0800] [glassfish 4.0] [INFO] [NCLS-LOGGING-00010] [javax.enterprise.logging] [tid: _ThreadID=1 _ThreadName=main] [timeMillis: 1510722714069] [levelValue: 800] [[
  Server log file is using Formatter class: com.sun.enterprise.server.logging.ODLLogFormatter]]

[2017-11-14T21:11:54.269-0800] [glassfish 4.0] [INFO] [realm.loaded.successfully] [javax.enterprise.system.core.security.com.sun.enterprise.security.auth.realm] [tid: _ThreadID=1 _ThreadName=main] [timeMillis: 1510722714269] [levelValue: 800] [[
  SEC1115: Realm [admin-realm] of classtype [com.sun.enterprise.security.auth.realm.file.FileRealm] successfully created.]]

[2017-11-14T21:11:54.272-0800] [glassfish 4.0] [INFO] [realm.loaded.successfully] [javax.enterprise.system.core.security.com.sun.enterprise.security.auth.realm] [tid: _ThreadID=1 _ThreadName=main] [timeMillis: 1510722714272] [levelValue: 800] [[
  SEC1115: Realm [file] of classtype [com.sun.enterprise.security.auth.realm.file.FileRealm] successfully created.]]

[2017-11-14T21:11:54.282-0800] [glassfish 4.0] [INFO] [realm.loaded.successfully] [javax.enterprise.system.core.security.com.sun.enterprise.security.auth.realm] [tid: _ThreadID=1 _ThreadName=main] [timeMillis: 1510722714282] [levelValue: 800] [[
  SEC1115: Realm [certificate] of classtype [com.sun.enterprise.security.auth.realm.certificate.CertificateRealm] successfully created.]]

[2017-11-14T21:11:54.611-0800] [glassfish 4.0] [INFO] [] [javax.enterprise.system.core] [tid: _ThreadID=1 _ThreadName=main] [timeMillis: 1510722714611] [levelValue: 800] [[
  Grizzly Framework 2.3.1 started in: 29ms - bound to [/0.0.0.0:8,080]]]

[2017-11-14T21:11:54.666-0800] [glassfish 4.0] [INFO] [] [javax.enterprise.system.core] [tid: _ThreadID=1 _ThreadName=main] [timeMillis: 1510722714666] [levelValue: 800] [[
  Grizzly Framework 2.3.1 started in: 36ms - bound to [/0.0.0.0:8,181]]]

[2017-11-14T21:11:54.673-0800] [glassfish 4.0] [INFO] [] [javax.enterprise.system.core] [tid: _ThreadID=1 _ThreadName=main] [timeMillis: 1510722714673] [levelValue: 800] [[
  Grizzly Framework 2.3.1 started in: 1ms - bound to [/0.0.0.0:4,848]]]

[2017-11-14T21:11:54.759-0800] [glassfish 4.0] [INFO] [] [javax.enterprise.system.core.security.org.glassfish.security.services.impl.authorization] [tid: _ThreadID=1 _ThreadName=main] [timeMillis: 1510722714759] [levelValue: 800] [[
  Authorization Service has successfully initialized.]]

[2017-11-14T21:11:54.804-0800] [glassfish 4.0] [INFO] [] [javax.enterprise.system.core] [tid: _ThreadID=1 _ThreadName=main] [timeMillis: 1510722714804] [levelValue: 800] [[
  Grizzly Framework 2.3.1 started in: 0ms - bound to [/0.0.0.0:3,700]]]

[2017-11-14T21:11:55.124-0800] [glassfish 4.0] [INFO] [] [org.glassfish.ha.store.spi.BackingStoreFactoryRegistry] [tid: _ThreadID=1 _ThreadName=main] [timeMillis: 1510722715124] [levelValue: 800] [[
  Registered org.glassfish.ha.store.adapter.cache.ShoalBackingStoreProxy for persistence-type = replicated in BackingStoreFactoryRegistry]]

[2017-11-14T21:11:55.164-0800] [glassfish 4.0] [INFO] [NCLS-CORE-00017] [javax.enterprise.system.core] [tid: _ThreadID=1 _ThreadName=main] [timeMillis: 1510722715164] [levelValue: 800] [[
  GlassFish Server Open Source Edition  4.0  (89) startup time : Felix (2,367ms), startup services(1,238ms), total(3,605ms)]]

[2017-11-14T21:11:55.262-0800] [glassfish 4.0] [INFO] [] [org.hibernate.validator.internal.util.Version] [tid: _ThreadID=51 _ThreadName=pool-4-thread-2] [timeMillis: 1510722715262] [levelValue: 800] [[
  HV000001: Hibernate Validator 5.0.0.Final]]

[2017-11-14T21:11:55.436-0800] [glassfish 4.0] [INFO] [] [org.glassfish.jersey.server.ApplicationHandler] [tid: _ThreadID=50 _ThreadName=pool-4-thread-1] [timeMillis: 1510722715436] [levelValue: 800] [[
  Initiating Jersey application, version Jersey: 2.0 2013-05-03 14:50:15...]]

[2017-11-14T21:11:55.589-0800] [glassfish 4.0] [INFO] [] [javax.enterprise.system.core] [tid: _ThreadID=1 _ThreadName=main] [timeMillis: 1510722715589] [levelValue: 800] [[
  Grizzly Framework 2.3.1 started in: 13ms - bound to [/0.0.0.0:7,676]]]

[2017-11-14T21:11:55.948-0800] [glassfish 4.0] [INFO] [NCLS-BOOTSTRAP-00027] [javax.enterprise.bootstrap] [tid: _ThreadID=1 _ThreadName=main] [timeMillis: 1510722715948] [levelValue: 800] [[
  Registered com.sun.enterprise.glassfish.bootstrap.osgi.EmbeddedOSGiGlassFishImpl@9b76b60 as OSGi service registration: org.apache.felix.framework.ServiceRegistrationImpl@21da4b5f.]]

[2017-11-14T21:11:56.065-0800] [glassfish 4.0] [INFO] [NCLS-JMX-00005] [javax.enterprise.system.jmx] [tid: _ThreadID=63 _ThreadName=Thread-10] [timeMillis: 1510722716065] [levelValue: 800] [[
  JMXStartupService has started JMXConnector on JMXService URL service:jmx:rmi://192.168.2.1:8686/jndi/rmi://192.168.2.1:8686/jmxrmi]]

[2017-11-14T21:14:04.888-0800] [glassfish 4.0] [INFO] [NCLS-LOGGING-00009] [javax.enterprise.logging] [tid: _ThreadID=1 _ThreadName=main] [timeMillis: 1510722844888] [levelValue: 800] [[
  Running GlassFish Version: GlassFish Server Open Source Edition  4.0  (build 89)]]

[2017-11-14T21:14:04.891-0800] [glassfish 4.0] [INFO] [NCLS-LOGGING-00010] [javax.enterprise.logging] [tid: _ThreadID=1 _ThreadName=main] [timeMillis: 1510722844891] [levelValue: 800] [[
  Server log file is using Formatter class: com.sun.enterprise.server.logging.ODLLogFormatter]]

[2017-11-14T21:14:05.045-0800] [glassfish 4.0] [INFO] [realm.loaded.successfully] [javax.enterprise.system.core.security.com.sun.enterprise.security.auth.realm] [tid: _ThreadID=1 _ThreadName=main] [timeMillis: 1510722845045] [levelValue: 800] [[
  SEC1115: Realm [admin-realm] of classtype [com.sun.enterprise.security.auth.realm.file.FileRealm] successfully created.]]

[2017-11-14T21:14:05.048-0800] [glassfish 4.0] [INFO] [realm.loaded.successfully] [javax.enterprise.system.core.security.com.sun.enterprise.security.auth.realm] [tid: _ThreadID=1 _ThreadName=main] [timeMillis: 1510722845048] [levelValue: 800] [[
  SEC1115: Realm [file] of classtype [com.sun.enterprise.security.auth.realm.file.FileRealm] successfully created.]]

[2017-11-14T21:14:05.066-0800] [glassfish 4.0] [INFO] [realm.loaded.successfully] [javax.enterprise.system.core.security.com.sun.enterprise.security.auth.realm] [tid: _ThreadID=1 _ThreadName=main] [timeMillis: 1510722845066] [levelValue: 800] [[
  SEC1115: Realm [certificate] of classtype [com.sun.enterprise.security.auth.realm.certificate.CertificateRealm] successfully created.]]

[2017-11-14T21:14:05.433-0800] [glassfish 4.0] [INFO] [] [javax.enterprise.system.core] [tid: _ThreadID=1 _ThreadName=main] [timeMillis: 1510722845433] [levelValue: 800] [[
  Grizzly Framework 2.3.1 started in: 36ms - bound to [/0.0.0.0:8,080]]]

[2017-11-14T21:14:05.492-0800] [glassfish 4.0] [INFO] [] [javax.enterprise.system.core] [tid: _ThreadID=1 _ThreadName=main] [timeMillis: 1510722845492] [levelValue: 800] [[
  Grizzly Framework 2.3.1 started in: 1ms - bound to [/0.0.0.0:8,181]]]

[2017-11-14T21:14:05.498-0800] [glassfish 4.0] [INFO] [] [javax.enterprise.system.core] [tid: _ThreadID=1 _ThreadName=main] [timeMillis: 1510722845498] [levelValue: 800] [[
  Grizzly Framework 2.3.1 started in: 0ms - bound to [/0.0.0.0:4,848]]]

[2017-11-14T21:14:05.595-0800] [glassfish 4.0] [INFO] [] [javax.enterprise.system.core.security.org.glassfish.security.services.impl.authorization] [tid: _ThreadID=1 _ThreadName=main] [timeMillis: 1510722845595] [levelValue: 800] [[
  Authorization Service has successfully initialized.]]

[2017-11-14T21:14:05.628-0800] [glassfish 4.0] [INFO] [] [javax.enterprise.system.core] [tid: _ThreadID=1 _ThreadName=main] [timeMillis: 1510722845628] [levelValue: 800] [[
  Grizzly Framework 2.3.1 started in: 1ms - bound to [/0.0.0.0:3,700]]]

[2017-11-14T21:14:05.944-0800] [glassfish 4.0] [INFO] [] [org.glassfish.ha.store.spi.BackingStoreFactoryRegistry] [tid: _ThreadID=1 _ThreadName=main] [timeMillis: 1510722845944] [levelValue: 800] [[
  Registered org.glassfish.ha.store.adapter.cache.ShoalBackingStoreProxy for persistence-type = replicated in BackingStoreFactoryRegistry]]

[2017-11-14T21:14:05.992-0800] [glassfish 4.0] [INFO] [NCLS-CORE-00017] [javax.enterprise.system.core] [tid: _ThreadID=1 _ThreadName=main] [timeMillis: 1510722845992] [levelValue: 800] [[
  GlassFish Server Open Source Edition  4.0  (89) startup time : Felix (2,662ms), startup services(1,194ms), total(3,856ms)]]

[2017-11-14T21:14:06.032-0800] [glassfish 4.0] [INFO] [] [org.hibernate.validator.internal.util.Version] [tid: _ThreadID=52 _ThreadName=pool-5-thread-2] [timeMillis: 1510722846032] [levelValue: 800] [[
  HV000001: Hibernate Validator 5.0.0.Final]]

[2017-11-14T21:14:06.223-0800] [glassfish 4.0] [INFO] [] [org.glassfish.jersey.server.ApplicationHandler] [tid: _ThreadID=51 _ThreadName=pool-5-thread-1] [timeMillis: 1510722846223] [levelValue: 800] [[
  Initiating Jersey application, version Jersey: 2.0 2013-05-03 14:50:15...]]

[2017-11-14T21:14:06.303-0800] [glassfish 4.0] [INFO] [] [javax.enterprise.system.core] [tid: _ThreadID=1 _ThreadName=main] [timeMillis: 1510722846303] [levelValue: 800] [[
  Grizzly Framework 2.3.1 started in: 2ms - bound to [/0.0.0.0:7,676]]]

[2017-11-14T21:14:06.688-0800] [glassfish 4.0] [INFO] [NCLS-BOOTSTRAP-00027] [javax.enterprise.bootstrap] [tid: _ThreadID=1 _ThreadName=main] [timeMillis: 1510722846688] [levelValue: 800] [[
  Registered com.sun.enterprise.glassfish.bootstrap.osgi.EmbeddedOSGiGlassFishImpl@625a9c5d as OSGi service registration: org.apache.felix.framework.ServiceRegistrationImpl@1b2df3aa.]]

[2017-11-14T21:14:06.825-0800] [glassfish 4.0] [INFO] [NCLS-JMX-00005] [javax.enterprise.system.jmx] [tid: _ThreadID=64 _ThreadName=Thread-10] [timeMillis: 1510722846825] [levelValue: 800] [[
  JMXStartupService has started JMXConnector on JMXService URL service:jmx:rmi://192.168.2.1:8686/jndi/rmi://192.168.2.1:8686/jmxrmi]]

[2017-11-14T21:19:55.201-0800] [glassfish 4.0] [INFO] [NCLS-LOGGING-00009] [javax.enterprise.logging] [tid: _ThreadID=1 _ThreadName=main] [timeMillis: 1510723195201] [levelValue: 800] [[
  Running GlassFish Version: GlassFish Server Open Source Edition  4.0  (build 89)]]

[2017-11-14T21:19:55.208-0800] [glassfish 4.0] [INFO] [NCLS-LOGGING-00010] [javax.enterprise.logging] [tid: _ThreadID=1 _ThreadName=main] [timeMillis: 1510723195208] [levelValue: 800] [[
  Server log file is using Formatter class: com.sun.enterprise.server.logging.ODLLogFormatter]]

[2017-11-14T21:19:55.492-0800] [glassfish 4.0] [INFO] [realm.loaded.successfully] [javax.enterprise.system.core.security.com.sun.enterprise.security.auth.realm] [tid: _ThreadID=1 _ThreadName=main] [timeMillis: 1510723195492] [levelValue: 800] [[
  SEC1115: Realm [admin-realm] of classtype [com.sun.enterprise.security.auth.realm.file.FileRealm] successfully created.]]

[2017-11-14T21:19:55.494-0800] [glassfish 4.0] [INFO] [realm.loaded.successfully] [javax.enterprise.system.core.security.com.sun.enterprise.security.auth.realm] [tid: _ThreadID=1 _ThreadName=main] [timeMillis: 1510723195494] [levelValue: 800] [[
  SEC1115: Realm [file] of classtype [com.sun.enterprise.security.auth.realm.file.FileRealm] successfully created.]]

[2017-11-14T21:19:55.508-0800] [glassfish 4.0] [INFO] [realm.loaded.successfully] [javax.enterprise.system.core.security.com.sun.enterprise.security.auth.realm] [tid: _ThreadID=1 _ThreadName=main] [timeMillis: 1510723195508] [levelValue: 800] [[
  SEC1115: Realm [certificate] of classtype [com.sun.enterprise.security.auth.realm.certificate.CertificateRealm] successfully created.]]

[2017-11-14T21:19:55.968-0800] [glassfish 4.0] [INFO] [] [javax.enterprise.system.core] [tid: _ThreadID=1 _ThreadName=main] [timeMillis: 1510723195968] [levelValue: 800] [[
  Grizzly Framework 2.3.1 started in: 39ms - bound to [/0.0.0.0:8,080]]]

[2017-11-14T21:19:56.046-0800] [glassfish 4.0] [INFO] [] [javax.enterprise.system.core] [tid: _ThreadID=1 _ThreadName=main] [timeMillis: 1510723196046] [levelValue: 800] [[
  Grizzly Framework 2.3.1 started in: 50ms - bound to [/0.0.0.0:8,181]]]

[2017-11-14T21:19:56.059-0800] [glassfish 4.0] [INFO] [] [javax.enterprise.system.core] [tid: _ThreadID=1 _ThreadName=main] [timeMillis: 1510723196059] [levelValue: 800] [[
  Grizzly Framework 2.3.1 started in: 4ms - bound to [/0.0.0.0:4,848]]]

[2017-11-14T21:19:56.174-0800] [glassfish 4.0] [INFO] [] [javax.enterprise.system.core.security.org.glassfish.security.services.impl.authorization] [tid: _ThreadID=1 _ThreadName=main] [timeMillis: 1510723196174] [levelValue: 800] [[
  Authorization Service has successfully initialized.]]

[2017-11-14T21:19:56.214-0800] [glassfish 4.0] [INFO] [] [javax.enterprise.system.core] [tid: _ThreadID=1 _ThreadName=main] [timeMillis: 1510723196214] [levelValue: 800] [[
  Grizzly Framework 2.3.1 started in: 1ms - bound to [/0.0.0.0:3,700]]]

[2017-11-14T21:19:56.535-0800] [glassfish 4.0] [INFO] [] [org.glassfish.ha.store.spi.BackingStoreFactoryRegistry] [tid: _ThreadID=1 _ThreadName=main] [timeMillis: 1510723196535] [levelValue: 800] [[
  Registered org.glassfish.ha.store.adapter.cache.ShoalBackingStoreProxy for persistence-type = replicated in BackingStoreFactoryRegistry]]

[2017-11-14T21:19:56.576-0800] [glassfish 4.0] [INFO] [NCLS-CORE-00017] [javax.enterprise.system.core] [tid: _ThreadID=1 _ThreadName=main] [timeMillis: 1510723196576] [levelValue: 800] [[
  GlassFish Server Open Source Edition  4.0  (89) startup time : Felix (4,480ms), startup services(1,476ms), total(5,956ms)]]

[2017-11-14T21:19:56.621-0800] [glassfish 4.0] [INFO] [] [org.hibernate.validator.internal.util.Version] [tid: _ThreadID=53 _ThreadName=pool-6-thread-2] [timeMillis: 1510723196621] [levelValue: 800] [[
  HV000001: Hibernate Validator 5.0.0.Final]]

[2017-11-14T21:19:56.805-0800] [glassfish 4.0] [INFO] [] [org.glassfish.jersey.server.ApplicationHandler] [tid: _ThreadID=52 _ThreadName=pool-6-thread-1] [timeMillis: 1510723196805] [levelValue: 800] [[
  Initiating Jersey application, version Jersey: 2.0 2013-05-03 14:50:15...]]

[2017-11-14T21:19:56.959-0800] [glassfish 4.0] [INFO] [] [javax.enterprise.system.core] [tid: _ThreadID=1 _ThreadName=main] [timeMillis: 1510723196959] [levelValue: 800] [[
  Grizzly Framework 2.3.1 started in: 4ms - bound to [/0.0.0.0:7,676]]]

[2017-11-14T21:19:57.239-0800] [glassfish 4.0] [INFO] [NCLS-BOOTSTRAP-00027] [javax.enterprise.bootstrap] [tid: _ThreadID=1 _ThreadName=main] [timeMillis: 1510723197239] [levelValue: 800] [[
  Registered com.sun.enterprise.glassfish.bootstrap.osgi.EmbeddedOSGiGlassFishImpl@9b76b60 as OSGi service registration: org.apache.felix.framework.ServiceRegistrationImpl@21da4b5f.]]

[2017-11-14T21:19:57.361-0800] [glassfish 4.0] [INFO] [NCLS-JMX-00005] [javax.enterprise.system.jmx] [tid: _ThreadID=65 _ThreadName=Thread-10] [timeMillis: 1510723197361] [levelValue: 800] [[
  JMXStartupService has started JMXConnector on JMXService URL service:jmx:rmi://192.168.2.1:8686/jndi/rmi://192.168.2.1:8686/jmxrmi]]

